SF:lib/validus_coin_app.dart
DA:13,0
DA:19,0
DA:27,0
DA:32,1
DA:36,2
DA:37,0
DA:38,0
DA:43,0
DA:44,0
DA:48,0
DA:50,0
DA:51,0
DA:53,0
DA:54,0
DA:55,0
DA:56,0
DA:57,0
DA:63,0
DA:64,0
DA:65,0
DA:66,0
LF:21
LH:2
end_of_record
SF:lib/core/configuration/configuration.dart
DA:6,0
DA:9,0
DA:12,0
DA:17,0
DA:18,0
DA:22,0
DA:25,0
LF:7
LH:0
end_of_record
SF:lib/core/values/environment.dart
DA:2,1
LF:1
LH:1
end_of_record
SF:lib/core/theme/base/default_theme.dart
DA:3,0
DA:23,0
DA:24,0
DA:25,0
DA:26,0
DA:28,0
DA:31,0
DA:33,0
DA:34,0
DA:35,0
DA:36,0
DA:38,0
DA:39,0
DA:40,0
DA:41,0
DA:42,0
DA:43,0
LF:17
LH:0
end_of_record
SF:lib/core/theme/base/main_theme.dart
DA:7,0
DA:10,0
DA:13,0
LF:3
LH:0
end_of_record
SF:lib/core/utils/injection.dart
DA:22,0
DA:30,0
DA:31,0
DA:32,0
DA:33,0
DA:34,0
DA:35,0
DA:36,0
DA:37,0
DA:38,0
DA:39,0
DA:40,0
DA:41,0
DA:42,0
DA:43,0
DA:44,0
DA:48,0
DA:50,0
DA:52,0
DA:54,0
DA:57,0
DA:58,0
DA:59,0
DA:60,0
DA:62,0
DA:66,0
DA:69,0
DA:70,0
DA:71,0
DA:72,0
DA:73,0
LF:31
LH:0
end_of_record
SF:lib/core/utils/secure_storage/app_secure_storage.dart
DA:9,0
DA:16,0
DA:17,0
DA:19,0
DA:20,0
DA:22,0
DA:23,0
DA:25,0
DA:27,0
DA:28,0
DA:33,0
DA:34,0
DA:35,0
DA:38,0
DA:39,0
DA:42,0
DA:46,0
DA:48,0
DA:49,0
DA:50,0
DA:54,0
DA:56,0
DA:57,0
DA:58,0
DA:59,0
LF:25
LH:0
end_of_record
SF:lib/core/values/assets_manager.dart
DA:2,0
DA:5,0
DA:8,0
DA:11,0
DA:14,0
DA:17,0
LF:6
LH:0
end_of_record
SF:lib/core/values/string_manager.dart
DA:4,0
DA:7,0
DA:10,0
DA:13,0
DA:15,0
DA:17,0
DA:19,0
DA:23,0
DA:25,0
DA:27,0
DA:29,0
DA:31,0
DA:33,0
DA:36,0
DA:39,0
DA:42,0
LF:16
LH:0
end_of_record
SF:lib/providers/api/stocks/stocks_api.g.dart
DA:12,0
DA:19,0
DA:21,0
DA:22,0
DA:23,0
DA:24,0
DA:25,0
DA:26,0
DA:27,0
DA:29,0
DA:30,0
DA:34,0
DA:35,0
DA:36,0
DA:37,0
DA:38,0
DA:39,0
DA:41,0
LF:18
LH:0
end_of_record
SF:lib/providers/repositories/core/hive_database.dart
DA:13,0
DA:14,0
DA:15,0
DA:16,0
DA:26,0
DA:27,0
DA:28,0
DA:29,0
DA:30,0
DA:31,0
DA:36,0
DA:37,0
DA:38,0
DA:39,0
DA:43,0
DA:44,0
DA:45,0
DA:49,0
DA:50,0
DA:51,0
DA:52,0
DA:58,0
DA:59,0
DA:60,0
DA:64,0
DA:65,0
DA:66,0
DA:68,0
DA:69,0
DA:70,0
DA:73,0
LF:31
LH:0
end_of_record
SF:lib/providers/repositories/core/hive_wrapper.dart
DA:6,1
DA:11,0
DA:12,0
DA:16,0
DA:17,0
DA:18,0
DA:26,0
DA:28,0
DA:30,0
DA:38,0
DA:39,0
DA:43,0
DA:44,0
DA:48,0
DA:49,0
DA:53,0
DA:54,0
DA:58,0
DA:59,0
DA:65,0
DA:66,0
DA:72,0
DA:73,0
DA:77,0
DA:78,0
LF:25
LH:1
end_of_record
SF:lib/providers/repositories/core/utils/path_provider.dart
DA:11,0
DA:12,0
LF:2
LH:0
end_of_record
SF:lib/providers/repositories/user_repository/user_repository.dart
DA:9,0
DA:10,0
DA:11,0
DA:18,0
DA:19,0
DA:20,0
DA:21,0
DA:23,0
DA:27,0
DA:28,0
DA:29,0
DA:31,0
DA:32,0
DA:34,0
DA:35,0
LF:15
LH:0
end_of_record
SF:lib/routing/router.dart
DA:13,0
DA:15,0
DA:23,0
DA:26,0
DA:28,0
DA:30,0
DA:31,0
DA:32,0
DA:34,0
DA:35,0
DA:40,0
DA:41,0
DA:43,0
DA:45,0
DA:46,0
DA:47,0
DA:54,0
LF:17
LH:0
end_of_record
SF:lib/global_widgets/app_bottom_navigation_bar.dart
DA:10,0
DA:25,0
DA:27,0
DA:28,0
DA:30,0
DA:31,0
DA:32,0
DA:36,0
DA:37,0
DA:38,0
DA:39,0
DA:40,0
DA:41,0
DA:42,0
DA:43,0
DA:49,0
DA:58,0
DA:59,0
DA:60,0
DA:61,0
DA:62,0
DA:65,0
DA:67,0
DA:68,0
LF:24
LH:0
end_of_record
SF:lib/modules/tab_manager/tab_item.dart
DA:4,1
DA:17,0
LF:2
LH:1
end_of_record
SF:lib/global_widgets/app_primary_button.dart
DA:6,0
DA:11,0
DA:22,0
DA:24,0
DA:26,0
DA:27,0
DA:28,0
DA:30,0
DA:31,0
DA:34,0
DA:35,0
DA:36,0
DA:37,0
DA:38,0
DA:40,0
DA:41,0
LF:16
LH:0
end_of_record
SF:lib/global_widgets/app_text_field.dart
DA:4,0
DA:11,0
DA:28,0
DA:30,0
DA:31,0
DA:34,0
DA:36,0
DA:37,0
DA:38,0
DA:40,0
DA:41,0
DA:43,0
DA:45,0
DA:46,0
DA:47,0
DA:48,0
LF:16
LH:0
end_of_record
SF:lib/global_widgets/main_app_bar.dart
DA:6,0
DA:15,0
DA:35,0
DA:37,0
DA:38,0
DA:39,0
DA:40,0
DA:41,0
DA:42,0
DA:43,0
DA:44,0
DA:45,0
DA:46,0
DA:47,0
DA:51,0
DA:52,0
DA:54,0
DA:55,0
DA:58,0
DA:60,0
DA:61,0
DA:62,0
LF:22
LH:0
end_of_record
SF:lib/global_widgets/profile_field.dart
DA:7,0
DA:12,0
DA:19,0
DA:21,0
DA:22,0
DA:23,0
DA:24,0
DA:26,0
DA:27,0
DA:29,0
DA:30,0
DA:31,0
DA:32,0
DA:34,0
DA:35,0
DA:36,0
DA:38,0
DA:40,0
DA:42,0
DA:48,0
DA:49,0
DA:51,0
DA:53,0
LF:23
LH:0
end_of_record
SF:lib/modules/profile/profile_field_type.dart
DA:2,1
DA:16,0
DA:19,0
DA:21,0
DA:23,0
LF:5
LH:1
end_of_record
SF:lib/global_widgets/retry_state_update.dart
DA:11,0
DA:16,0
DA:17,0
DA:27,0
DA:30,0
DA:32,0
DA:34,0
DA:35,0
DA:36,0
DA:41,0
DA:42,0
DA:43,0
LF:12
LH:0
end_of_record
SF:lib/global_widgets/watchlist_item.dart
DA:10,0
DA:14,0
DA:15,0
DA:21,0
DA:23,0
DA:24,0
DA:25,0
DA:26,0
DA:27,0
DA:28,0
DA:31,0
DA:32,0
DA:33,0
DA:34,0
DA:37,0
DA:40,0
DA:41,0
DA:42,0
DA:43,0
DA:44,0
DA:51,0
DA:52,0
DA:53,0
DA:54,0
DA:60,0
DA:64,0
DA:69,0
DA:71,0
DA:72,0
DA:73,0
DA:74,0
DA:76,0
DA:77,0
DA:78,0
DA:79,0
DA:81,0
DA:85,0
DA:86,0
DA:87,0
DA:96,0
DA:100,0
DA:105,0
DA:107,0
DA:108,0
DA:109,0
DA:110,0
DA:111,0
DA:112,0
DA:113,0
DA:115,0
DA:116,0
DA:117,0
DA:118,0
DA:120,0
DA:124,0
DA:125,0
DA:126,0
DA:130,0
DA:131,0
DA:132,0
LF:60
LH:0
end_of_record
SF:lib/providers/api/stocks/stock.dart
DA:8,0
DA:19,0
DA:49,0
DA:50,0
DA:54,0
LF:5
LH:0
end_of_record
SF:lib/providers/api/stocks/stock.g.dart
DA:9,0
DA:10,0
DA:11,0
DA:12,0
DA:13,0
DA:14,0
DA:15,0
DA:16,0
DA:19,0
DA:20,0
DA:21,0
DA:22,0
DA:23,0
DA:24,0
DA:25,0
DA:26,0
LF:16
LH:0
end_of_record
SF:lib/modules/edit_profile/edit_profile_controller.dart
DA:12,0
DA:17,0
DA:18,0
DA:19,0
DA:21,0
DA:24,0
DA:26,0
DA:27,0
DA:30,0
DA:31,0
DA:32,0
DA:33,0
DA:34,0
DA:36,0
DA:37,0
DA:39,0
DA:40,0
DA:54,0
DA:56,0
DA:58,0
DA:59,0
DA:60,0
DA:61,0
DA:62,0
DA:63,0
DA:65,0
DA:66,0
DA:69,0
DA:70,0
DA:71,0
DA:74,0
DA:75,0
DA:76,0
DA:81,0
DA:82,0
DA:83,0
DA:84,0
DA:86,0
DA:87,0
DA:88,0
DA:90,0
DA:91,0
DA:93,0
DA:94,0
DA:97,0
LF:45
LH:0
end_of_record
SF:lib/modules/shared/base_controller.dart
DA:8,0
LF:1
LH:0
end_of_record
SF:lib/providers/repositories/models/user/user.g.dart
DA:13,0
DA:15,0
DA:16,0
DA:17,0
DA:19,0
DA:20,0
DA:21,0
DA:22,0
DA:26,0
DA:29,0
DA:30,0
DA:31,0
DA:32,0
DA:33,0
DA:34,0
DA:35,0
DA:38,0
DA:39,0
DA:41,0
DA:44,0
DA:45,0
DA:46,0
LF:22
LH:0
end_of_record
SF:lib/providers/repositories/models/user/user.dart
DA:9,0
LF:1
LH:0
end_of_record
SF:lib/modules/edit_profile/edit_profile_screen.dart
DA:11,0
DA:13,0
DA:14,0
DA:16,0
DA:17,0
DA:18,0
DA:19,0
DA:20,0
DA:21,0
DA:22,0
DA:25,0
DA:26,0
DA:27,0
DA:28,0
DA:29,0
DA:30,0
DA:32,0
DA:34,0
DA:36,0
DA:37,0
DA:38,0
DA:39,0
DA:49,0
DA:50,0
DA:51,0
DA:53,0
LF:26
LH:0
end_of_record
SF:lib/modules/profile/profile_screen.dart
DA:18,0
DA:20,0
DA:21,0
DA:23,0
DA:24,0
DA:25,0
DA:26,0
DA:27,0
DA:28,0
DA:30,0
DA:31,0
DA:32,0
DA:33,0
DA:35,0
DA:36,0
DA:40,0
DA:41,0
DA:42,0
DA:44,0
DA:45,0
DA:49,0
DA:50,0
DA:51,0
DA:53,0
DA:54,0
DA:65,0
DA:66,0
DA:67,0
DA:68,0
DA:70,0
DA:71,0
DA:72,0
DA:76,0
DA:77,0
LF:34
LH:0
end_of_record
SF:lib/modules/profile/profile_screen_controller.dart
DA:9,0
DA:11,0
DA:17,0
DA:19,0
DA:20,0
DA:24,0
DA:25,0
DA:26,0
DA:27,0
LF:9
LH:0
end_of_record
SF:lib/modules/splash/splash_screen.dart
DA:4,0
DA:6,0
DA:7,0
DA:8,0
DA:9,0
DA:10,0
LF:6
LH:0
end_of_record
SF:lib/modules/stocks/my_watchlist_controller.dart
DA:10,0
DA:12,0
DA:21,0
DA:23,0
DA:24,0
DA:27,0
DA:28,0
DA:30,0
DA:31,0
DA:32,0
DA:35,0
LF:11
LH:0
end_of_record
SF:lib/modules/stocks/my_watchlist_screen.dart
DA:12,0
DA:14,0
DA:16,0
DA:19,0
DA:20,0
DA:21,0
DA:22,0
DA:23,0
DA:24,0
DA:25,0
DA:28,0
DA:29,0
DA:30,0
DA:31,0
DA:33,0
DA:34,0
DA:36,0
DA:37,0
DA:38,0
DA:39,0
DA:41,0
DA:45,0
DA:47,0
LF:23
LH:0
end_of_record
SF:lib/modules/tab_manager/tab_bar_controller.dart
DA:8,0
DA:9,0
DA:10,0
DA:20,0
DA:21,0
DA:22,0
DA:23,0
DA:24,0
DA:26,0
DA:27,0
DA:28,0
DA:29,0
LF:12
LH:0
end_of_record
SF:lib/modules/tab_manager/tab_bar_screen.dart
DA:15,0
DA:18,0
DA:19,0
DA:23,0
DA:24,0
DA:40,0
DA:42,0
DA:43,0
DA:44,0
DA:45,0
DA:46,0
DA:47,0
DA:48,0
DA:49,0
DA:50,0
DA:53,0
DA:56,0
DA:57,0
DA:58,0
DA:59,0
DA:60,0
DA:61,0
DA:63,0
LF:23
LH:0
end_of_record
SF:lib/providers/api/model/base_response.dart
DA:9,0
DA:15,0
DA:26,0
LF:3
LH:0
end_of_record
SF:lib/providers/api/model/base_response.g.dart
DA:9,0
DA:10,0
DA:11,0
DA:14,0
DA:15,0
DA:16,0
DA:17,0
LF:7
LH:0
end_of_record
SF:lib/providers/api/stocks/get_all_stocks_response.dart
DA:11,0
DA:15,0
DA:18,0
DA:25,0
DA:26,0
LF:5
LH:0
end_of_record
SF:lib/providers/api/stocks/get_all_stocks_response.g.dart
DA:9,0
DA:11,0
DA:12,0
DA:13,0
DA:14,0
DA:15,0
DA:16,0
DA:19,0
DA:21,0
DA:22,0
DA:23,0
DA:24,0
LF:12
LH:0
end_of_record
